<?xml version="1.0" encoding="UTF-8"?>
<testsuite xmlns:xsi="http://www.w3.org/2001/XMLSchema-instance" xsi:noNamespaceSchemaLocation="https://maven.apache.org/surefire/maven-surefire-plugin/xsd/surefire-test-report.xsd" name="com.junit.test.LoginTest" time="0.042" tests="2" errors="0" skipped="0" failures="2">
  <properties>
    <property name="java.specification.version" value="14"/>
    <property name="sun.cpu.isalist" value="amd64"/>
    <property name="sun.jnu.encoding" value="Cp1252"/>
    <property name="java.class.path" value="C:\Users\nicholas.nicholson\Documents\workspace-spring-tool-suite-4-4.6.1.RELEASE\JunitTestAuth\target\test-classes;C:\Users\nicholas.nicholson\Documents\workspace-spring-tool-suite-4-4.6.1.RELEASE\JunitTestAuth\target\classes;C:\Users\nicholas.nicholson\.m2\repository\org\springframework\boot\spring-boot-starter-web\2.4.1\spring-boot-starter-web-2.4.1.jar;C:\Users\nicholas.nicholson\.m2\repository\org\springframework\boot\spring-boot-starter\2.4.1\spring-boot-starter-2.4.1.jar;C:\Users\nicholas.nicholson\.m2\repository\org\springframework\boot\spring-boot\2.4.1\spring-boot-2.4.1.jar;C:\Users\nicholas.nicholson\.m2\repository\org\springframework\boot\spring-boot-autoconfigure\2.4.1\spring-boot-autoconfigure-2.4.1.jar;C:\Users\nicholas.nicholson\.m2\repository\org\springframework\boot\spring-boot-starter-logging\2.4.1\spring-boot-starter-logging-2.4.1.jar;C:\Users\nicholas.nicholson\.m2\repository\ch\qos\logback\logback-classic\1.2.3\logback-classic-1.2.3.jar;C:\Users\nicholas.nicholson\.m2\repository\ch\qos\logback\logback-core\1.2.3\logback-core-1.2.3.jar;C:\Users\nicholas.nicholson\.m2\repository\org\apache\logging\log4j\log4j-to-slf4j\2.13.3\log4j-to-slf4j-2.13.3.jar;C:\Users\nicholas.nicholson\.m2\repository\org\apache\logging\log4j\log4j-api\2.13.3\log4j-api-2.13.3.jar;C:\Users\nicholas.nicholson\.m2\repository\org\slf4j\jul-to-slf4j\1.7.30\jul-to-slf4j-1.7.30.jar;C:\Users\nicholas.nicholson\.m2\repository\jakarta\annotation\jakarta.annotation-api\1.3.5\jakarta.annotation-api-1.3.5.jar;C:\Users\nicholas.nicholson\.m2\repository\org\yaml\snakeyaml\1.27\snakeyaml-1.27.jar;C:\Users\nicholas.nicholson\.m2\repository\org\springframework\boot\spring-boot-starter-json\2.4.1\spring-boot-starter-json-2.4.1.jar;C:\Users\nicholas.nicholson\.m2\repository\com\fasterxml\jackson\core\jackson-databind\2.11.3\jackson-databind-2.11.3.jar;C:\Users\nicholas.nicholson\.m2\repository\com\fasterxml\jackson\core\jackson-annotations\2.11.3\jackson-annotations-2.11.3.jar;C:\Users\nicholas.nicholson\.m2\repository\com\fasterxml\jackson\core\jackson-core\2.11.3\jackson-core-2.11.3.jar;C:\Users\nicholas.nicholson\.m2\repository\com\fasterxml\jackson\datatype\jackson-datatype-jdk8\2.11.3\jackson-datatype-jdk8-2.11.3.jar;C:\Users\nicholas.nicholson\.m2\repository\com\fasterxml\jackson\datatype\jackson-datatype-jsr310\2.11.3\jackson-datatype-jsr310-2.11.3.jar;C:\Users\nicholas.nicholson\.m2\repository\com\fasterxml\jackson\module\jackson-module-parameter-names\2.11.3\jackson-module-parameter-names-2.11.3.jar;C:\Users\nicholas.nicholson\.m2\repository\org\springframework\boot\spring-boot-starter-tomcat\2.4.1\spring-boot-starter-tomcat-2.4.1.jar;C:\Users\nicholas.nicholson\.m2\repository\org\apache\tomcat\embed\tomcat-embed-core\9.0.41\tomcat-embed-core-9.0.41.jar;C:\Users\nicholas.nicholson\.m2\repository\org\glassfish\jakarta.el\3.0.3\jakarta.el-3.0.3.jar;C:\Users\nicholas.nicholson\.m2\repository\org\apache\tomcat\embed\tomcat-embed-websocket\9.0.41\tomcat-embed-websocket-9.0.41.jar;C:\Users\nicholas.nicholson\.m2\repository\org\springframework\spring-web\5.3.2\spring-web-5.3.2.jar;C:\Users\nicholas.nicholson\.m2\repository\org\springframework\spring-beans\5.3.2\spring-beans-5.3.2.jar;C:\Users\nicholas.nicholson\.m2\repository\org\springframework\spring-webmvc\5.3.2\spring-webmvc-5.3.2.jar;C:\Users\nicholas.nicholson\.m2\repository\org\springframework\spring-aop\5.3.2\spring-aop-5.3.2.jar;C:\Users\nicholas.nicholson\.m2\repository\org\springframework\spring-context\5.3.2\spring-context-5.3.2.jar;C:\Users\nicholas.nicholson\.m2\repository\org\springframework\spring-expression\5.3.2\spring-expression-5.3.2.jar;C:\Users\nicholas.nicholson\.m2\repository\org\springframework\boot\spring-boot-starter-test\2.4.1\spring-boot-starter-test-2.4.1.jar;C:\Users\nicholas.nicholson\.m2\repository\org\springframework\boot\spring-boot-test\2.4.1\spring-boot-test-2.4.1.jar;C:\Users\nicholas.nicholson\.m2\repository\org\springframework\boot\spring-boot-test-autoconfigure\2.4.1\spring-boot-test-autoconfigure-2.4.1.jar;C:\Users\nicholas.nicholson\.m2\repository\com\jayway\jsonpath\json-path\2.4.0\json-path-2.4.0.jar;C:\Users\nicholas.nicholson\.m2\repository\net\minidev\json-smart\2.3\json-smart-2.3.jar;C:\Users\nicholas.nicholson\.m2\repository\net\minidev\accessors-smart\1.2\accessors-smart-1.2.jar;C:\Users\nicholas.nicholson\.m2\repository\org\ow2\asm\asm\5.0.4\asm-5.0.4.jar;C:\Users\nicholas.nicholson\.m2\repository\org\slf4j\slf4j-api\1.7.30\slf4j-api-1.7.30.jar;C:\Users\nicholas.nicholson\.m2\repository\org\assertj\assertj-core\3.18.1\assertj-core-3.18.1.jar;C:\Users\nicholas.nicholson\.m2\repository\org\hamcrest\hamcrest\2.2\hamcrest-2.2.jar;C:\Users\nicholas.nicholson\.m2\repository\org\junit\jupiter\junit-jupiter\5.7.0\junit-jupiter-5.7.0.jar;C:\Users\nicholas.nicholson\.m2\repository\org\junit\jupiter\junit-jupiter-api\5.7.0\junit-jupiter-api-5.7.0.jar;C:\Users\nicholas.nicholson\.m2\repository\org\apiguardian\apiguardian-api\1.1.0\apiguardian-api-1.1.0.jar;C:\Users\nicholas.nicholson\.m2\repository\org\opentest4j\opentest4j\1.2.0\opentest4j-1.2.0.jar;C:\Users\nicholas.nicholson\.m2\repository\org\junit\platform\junit-platform-commons\1.7.0\junit-platform-commons-1.7.0.jar;C:\Users\nicholas.nicholson\.m2\repository\org\junit\jupiter\junit-jupiter-params\5.7.0\junit-jupiter-params-5.7.0.jar;C:\Users\nicholas.nicholson\.m2\repository\org\junit\jupiter\junit-jupiter-engine\5.7.0\junit-jupiter-engine-5.7.0.jar;C:\Users\nicholas.nicholson\.m2\repository\org\junit\platform\junit-platform-engine\1.7.0\junit-platform-engine-1.7.0.jar;C:\Users\nicholas.nicholson\.m2\repository\org\mockito\mockito-core\3.6.28\mockito-core-3.6.28.jar;C:\Users\nicholas.nicholson\.m2\repository\net\bytebuddy\byte-buddy\1.10.18\byte-buddy-1.10.18.jar;C:\Users\nicholas.nicholson\.m2\repository\net\bytebuddy\byte-buddy-agent\1.10.18\byte-buddy-agent-1.10.18.jar;C:\Users\nicholas.nicholson\.m2\repository\org\objenesis\objenesis\3.1\objenesis-3.1.jar;C:\Users\nicholas.nicholson\.m2\repository\org\mockito\mockito-junit-jupiter\3.6.28\mockito-junit-jupiter-3.6.28.jar;C:\Users\nicholas.nicholson\.m2\repository\org\skyscreamer\jsonassert\1.5.0\jsonassert-1.5.0.jar;C:\Users\nicholas.nicholson\.m2\repository\com\vaadin\external\google\android-json\0.0.20131108.vaadin1\android-json-0.0.20131108.vaadin1.jar;C:\Users\nicholas.nicholson\.m2\repository\org\springframework\spring-core\5.3.2\spring-core-5.3.2.jar;C:\Users\nicholas.nicholson\.m2\repository\org\springframework\spring-jcl\5.3.2\spring-jcl-5.3.2.jar;C:\Users\nicholas.nicholson\.m2\repository\org\springframework\spring-test\5.3.2\spring-test-5.3.2.jar;C:\Users\nicholas.nicholson\.m2\repository\org\xmlunit\xmlunit-core\2.7.0\xmlunit-core-2.7.0.jar;C:\Users\nicholas.nicholson\.m2\repository\jakarta\xml\bind\jakarta.xml.bind-api\2.3.3\jakarta.xml.bind-api-2.3.3.jar;C:\Users\nicholas.nicholson\.m2\repository\jakarta\activation\jakarta.activation-api\1.2.2\jakarta.activation-api-1.2.2.jar;C:\Users\nicholas.nicholson\.m2\repository\org\glassfish\jaxb\jaxb-runtime\2.3.3\jaxb-runtime-2.3.3.jar;C:\Users\nicholas.nicholson\.m2\repository\org\glassfish\jaxb\txw2\2.3.3\txw2-2.3.3.jar;C:\Users\nicholas.nicholson\.m2\repository\com\sun\istack\istack-commons-runtime\3.0.11\istack-commons-runtime-3.0.11.jar;C:\Users\nicholas.nicholson\.m2\repository\com\sun\activation\jakarta.activation\1.2.2\jakarta.activation-1.2.2.jar;"/>
    <property name="java.vm.vendor" value="Oracle Corporation"/>
    <property name="sun.arch.data.model" value="64"/>
    <property name="user.variant" value=""/>
    <property name="java.vendor.url" value="https://java.oracle.com/"/>
    <property name="user.timezone" value="America/New_York"/>
    <property name="os.name" value="Windows 10"/>
    <property name="java.vm.specification.version" value="14"/>
    <property name="sun.java.launcher" value="SUN_STANDARD"/>
    <property name="user.country" value="US"/>
    <property name="sun.boot.library.path" value="C:\Users\nicholas.nicholson\Software\openjdk-14.0.1_windows-x64_bin\jdk-14.0.1\bin"/>
    <property name="sun.java.command" value="C:\Users\NICHOL~1.NIC\AppData\Local\Temp\surefire7704071275181025297\surefirebooter4768285170579808286.jar C:\Users\nicholas.nicholson\AppData\Local\Temp\surefire7704071275181025297 2021-02-02T11-29-13_231-jvmRun1 surefire11590474204040003698tmp surefire_014890046257006899345tmp"/>
    <property name="jdk.debug" value="release"/>
    <property name="surefire.test.class.path" value="C:\Users\nicholas.nicholson\Documents\workspace-spring-tool-suite-4-4.6.1.RELEASE\JunitTestAuth\target\test-classes;C:\Users\nicholas.nicholson\Documents\workspace-spring-tool-suite-4-4.6.1.RELEASE\JunitTestAuth\target\classes;C:\Users\nicholas.nicholson\.m2\repository\org\springframework\boot\spring-boot-starter-web\2.4.1\spring-boot-starter-web-2.4.1.jar;C:\Users\nicholas.nicholson\.m2\repository\org\springframework\boot\spring-boot-starter\2.4.1\spring-boot-starter-2.4.1.jar;C:\Users\nicholas.nicholson\.m2\repository\org\springframework\boot\spring-boot\2.4.1\spring-boot-2.4.1.jar;C:\Users\nicholas.nicholson\.m2\repository\org\springframework\boot\spring-boot-autoconfigure\2.4.1\spring-boot-autoconfigure-2.4.1.jar;C:\Users\nicholas.nicholson\.m2\repository\org\springframework\boot\spring-boot-starter-logging\2.4.1\spring-boot-starter-logging-2.4.1.jar;C:\Users\nicholas.nicholson\.m2\repository\ch\qos\logback\logback-classic\1.2.3\logback-classic-1.2.3.jar;C:\Users\nicholas.nicholson\.m2\repository\ch\qos\logback\logback-core\1.2.3\logback-core-1.2.3.jar;C:\Users\nicholas.nicholson\.m2\repository\org\apache\logging\log4j\log4j-to-slf4j\2.13.3\log4j-to-slf4j-2.13.3.jar;C:\Users\nicholas.nicholson\.m2\repository\org\apache\logging\log4j\log4j-api\2.13.3\log4j-api-2.13.3.jar;C:\Users\nicholas.nicholson\.m2\repository\org\slf4j\jul-to-slf4j\1.7.30\jul-to-slf4j-1.7.30.jar;C:\Users\nicholas.nicholson\.m2\repository\jakarta\annotation\jakarta.annotation-api\1.3.5\jakarta.annotation-api-1.3.5.jar;C:\Users\nicholas.nicholson\.m2\repository\org\yaml\snakeyaml\1.27\snakeyaml-1.27.jar;C:\Users\nicholas.nicholson\.m2\repository\org\springframework\boot\spring-boot-starter-json\2.4.1\spring-boot-starter-json-2.4.1.jar;C:\Users\nicholas.nicholson\.m2\repository\com\fasterxml\jackson\core\jackson-databind\2.11.3\jackson-databind-2.11.3.jar;C:\Users\nicholas.nicholson\.m2\repository\com\fasterxml\jackson\core\jackson-annotations\2.11.3\jackson-annotations-2.11.3.jar;C:\Users\nicholas.nicholson\.m2\repository\com\fasterxml\jackson\core\jackson-core\2.11.3\jackson-core-2.11.3.jar;C:\Users\nicholas.nicholson\.m2\repository\com\fasterxml\jackson\datatype\jackson-datatype-jdk8\2.11.3\jackson-datatype-jdk8-2.11.3.jar;C:\Users\nicholas.nicholson\.m2\repository\com\fasterxml\jackson\datatype\jackson-datatype-jsr310\2.11.3\jackson-datatype-jsr310-2.11.3.jar;C:\Users\nicholas.nicholson\.m2\repository\com\fasterxml\jackson\module\jackson-module-parameter-names\2.11.3\jackson-module-parameter-names-2.11.3.jar;C:\Users\nicholas.nicholson\.m2\repository\org\springframework\boot\spring-boot-starter-tomcat\2.4.1\spring-boot-starter-tomcat-2.4.1.jar;C:\Users\nicholas.nicholson\.m2\repository\org\apache\tomcat\embed\tomcat-embed-core\9.0.41\tomcat-embed-core-9.0.41.jar;C:\Users\nicholas.nicholson\.m2\repository\org\glassfish\jakarta.el\3.0.3\jakarta.el-3.0.3.jar;C:\Users\nicholas.nicholson\.m2\repository\org\apache\tomcat\embed\tomcat-embed-websocket\9.0.41\tomcat-embed-websocket-9.0.41.jar;C:\Users\nicholas.nicholson\.m2\repository\org\springframework\spring-web\5.3.2\spring-web-5.3.2.jar;C:\Users\nicholas.nicholson\.m2\repository\org\springframework\spring-beans\5.3.2\spring-beans-5.3.2.jar;C:\Users\nicholas.nicholson\.m2\repository\org\springframework\spring-webmvc\5.3.2\spring-webmvc-5.3.2.jar;C:\Users\nicholas.nicholson\.m2\repository\org\springframework\spring-aop\5.3.2\spring-aop-5.3.2.jar;C:\Users\nicholas.nicholson\.m2\repository\org\springframework\spring-context\5.3.2\spring-context-5.3.2.jar;C:\Users\nicholas.nicholson\.m2\repository\org\springframework\spring-expression\5.3.2\spring-expression-5.3.2.jar;C:\Users\nicholas.nicholson\.m2\repository\org\springframework\boot\spring-boot-starter-test\2.4.1\spring-boot-starter-test-2.4.1.jar;C:\Users\nicholas.nicholson\.m2\repository\org\springframework\boot\spring-boot-test\2.4.1\spring-boot-test-2.4.1.jar;C:\Users\nicholas.nicholson\.m2\repository\org\springframework\boot\spring-boot-test-autoconfigure\2.4.1\spring-boot-test-autoconfigure-2.4.1.jar;C:\Users\nicholas.nicholson\.m2\repository\com\jayway\jsonpath\json-path\2.4.0\json-path-2.4.0.jar;C:\Users\nicholas.nicholson\.m2\repository\net\minidev\json-smart\2.3\json-smart-2.3.jar;C:\Users\nicholas.nicholson\.m2\repository\net\minidev\accessors-smart\1.2\accessors-smart-1.2.jar;C:\Users\nicholas.nicholson\.m2\repository\org\ow2\asm\asm\5.0.4\asm-5.0.4.jar;C:\Users\nicholas.nicholson\.m2\repository\org\slf4j\slf4j-api\1.7.30\slf4j-api-1.7.30.jar;C:\Users\nicholas.nicholson\.m2\repository\org\assertj\assertj-core\3.18.1\assertj-core-3.18.1.jar;C:\Users\nicholas.nicholson\.m2\repository\org\hamcrest\hamcrest\2.2\hamcrest-2.2.jar;C:\Users\nicholas.nicholson\.m2\repository\org\junit\jupiter\junit-jupiter\5.7.0\junit-jupiter-5.7.0.jar;C:\Users\nicholas.nicholson\.m2\repository\org\junit\jupiter\junit-jupiter-api\5.7.0\junit-jupiter-api-5.7.0.jar;C:\Users\nicholas.nicholson\.m2\repository\org\apiguardian\apiguardian-api\1.1.0\apiguardian-api-1.1.0.jar;C:\Users\nicholas.nicholson\.m2\repository\org\opentest4j\opentest4j\1.2.0\opentest4j-1.2.0.jar;C:\Users\nicholas.nicholson\.m2\repository\org\junit\platform\junit-platform-commons\1.7.0\junit-platform-commons-1.7.0.jar;C:\Users\nicholas.nicholson\.m2\repository\org\junit\jupiter\junit-jupiter-params\5.7.0\junit-jupiter-params-5.7.0.jar;C:\Users\nicholas.nicholson\.m2\repository\org\junit\jupiter\junit-jupiter-engine\5.7.0\junit-jupiter-engine-5.7.0.jar;C:\Users\nicholas.nicholson\.m2\repository\org\junit\platform\junit-platform-engine\1.7.0\junit-platform-engine-1.7.0.jar;C:\Users\nicholas.nicholson\.m2\repository\org\mockito\mockito-core\3.6.28\mockito-core-3.6.28.jar;C:\Users\nicholas.nicholson\.m2\repository\net\bytebuddy\byte-buddy\1.10.18\byte-buddy-1.10.18.jar;C:\Users\nicholas.nicholson\.m2\repository\net\bytebuddy\byte-buddy-agent\1.10.18\byte-buddy-agent-1.10.18.jar;C:\Users\nicholas.nicholson\.m2\repository\org\objenesis\objenesis\3.1\objenesis-3.1.jar;C:\Users\nicholas.nicholson\.m2\repository\org\mockito\mockito-junit-jupiter\3.6.28\mockito-junit-jupiter-3.6.28.jar;C:\Users\nicholas.nicholson\.m2\repository\org\skyscreamer\jsonassert\1.5.0\jsonassert-1.5.0.jar;C:\Users\nicholas.nicholson\.m2\repository\com\vaadin\external\google\android-json\0.0.20131108.vaadin1\android-json-0.0.20131108.vaadin1.jar;C:\Users\nicholas.nicholson\.m2\repository\org\springframework\spring-core\5.3.2\spring-core-5.3.2.jar;C:\Users\nicholas.nicholson\.m2\repository\org\springframework\spring-jcl\5.3.2\spring-jcl-5.3.2.jar;C:\Users\nicholas.nicholson\.m2\repository\org\springframework\spring-test\5.3.2\spring-test-5.3.2.jar;C:\Users\nicholas.nicholson\.m2\repository\org\xmlunit\xmlunit-core\2.7.0\xmlunit-core-2.7.0.jar;C:\Users\nicholas.nicholson\.m2\repository\jakarta\xml\bind\jakarta.xml.bind-api\2.3.3\jakarta.xml.bind-api-2.3.3.jar;C:\Users\nicholas.nicholson\.m2\repository\jakarta\activation\jakarta.activation-api\1.2.2\jakarta.activation-api-1.2.2.jar;C:\Users\nicholas.nicholson\.m2\repository\org\glassfish\jaxb\jaxb-runtime\2.3.3\jaxb-runtime-2.3.3.jar;C:\Users\nicholas.nicholson\.m2\repository\org\glassfish\jaxb\txw2\2.3.3\txw2-2.3.3.jar;C:\Users\nicholas.nicholson\.m2\repository\com\sun\istack\istack-commons-runtime\3.0.11\istack-commons-runtime-3.0.11.jar;C:\Users\nicholas.nicholson\.m2\repository\com\sun\activation\jakarta.activation\1.2.2\jakarta.activation-1.2.2.jar;"/>
    <property name="sun.cpu.endian" value="little"/>
    <property name="user.home" value="C:\Users\nicholas.nicholson"/>
    <property name="user.language" value="en"/>
    <property name="java.specification.vendor" value="Oracle Corporation"/>
    <property name="java.version.date" value="2020-04-14"/>
    <property name="java.home" value="C:\Users\nicholas.nicholson\Software\openjdk-14.0.1_windows-x64_bin\jdk-14.0.1"/>
    <property name="file.separator" value="\"/>
    <property name="style.color" value="always"/>
    <property name="basedir" value="C:\Users\nicholas.nicholson\Documents\workspace-spring-tool-suite-4-4.6.1.RELEASE\JunitTestAuth"/>
    <property name="java.vm.compressedOopsMode" value="Zero based"/>
    <property name="line.separator" value="&#10;"/>
    <property name="java.vm.specification.vendor" value="Oracle Corporation"/>
    <property name="java.specification.name" value="Java Platform API Specification"/>
    <property name="surefire.real.class.path" value="C:\Users\NICHOL~1.NIC\AppData\Local\Temp\surefire7704071275181025297\surefirebooter4768285170579808286.jar"/>
    <property name="user.script" value=""/>
    <property name="sun.management.compiler" value="HotSpot 64-Bit Tiered Compilers"/>
    <property name="java.runtime.version" value="14.0.1+7"/>
    <property name="user.name" value="nicholas.nicholson"/>
    <property name="path.separator" value=";"/>
    <property name="os.version" value="10.0"/>
    <property name="java.runtime.name" value="OpenJDK Runtime Environment"/>
    <property name="file.encoding" value="Cp1252"/>
    <property name="java.vm.name" value="OpenJDK 64-Bit Server VM"/>
    <property name="localRepository" value="C:\Users\nicholas.nicholson\.m2\repository"/>
    <property name="java.vendor.url.bug" value="https://bugreport.java.com/bugreport/"/>
    <property name="java.io.tmpdir" value="C:\Users\NICHOL~1.NIC\AppData\Local\Temp\"/>
    <property name="java.version" value="14.0.1"/>
    <property name="user.dir" value="C:\Users\nicholas.nicholson\Documents\workspace-spring-tool-suite-4-4.6.1.RELEASE\JunitTestAuth"/>
    <property name="os.arch" value="amd64"/>
    <property name="java.vm.specification.name" value="Java Virtual Machine Specification"/>
    <property name="sun.os.patch.level" value=""/>
    <property name="java.library.path" value="C:\Users\nicholas.nicholson\Software\openjdk-14.0.1_windows-x64_bin\jdk-14.0.1\bin;C:\WINDOWS\Sun\Java\bin;C:\WINDOWS\system32;C:\WINDOWS;C:/Program Files/Java/jre1.8.0_181/bin/server;C:/Program Files/Java/jre1.8.0_181/bin;C:/Program Files/Java/jre1.8.0_181/lib/amd64;C:\Program Files (x86)\Common Files\Oracle\Java\javapath;C:\WINDOWS\system32;C:\WINDOWS;C:\WINDOWS\System32\Wbem;C:\WINDOWS\System32\WindowsPowerShell\v1.0\;C:\WINDOWS\System32\OpenSSH\;C:\Windows\CCM;C:\Users\nicholas.nicholson\AppData\Local\Microsoft\WindowsApps;C:\Users\nicholas.nicholson\AppData\Local\Programs\Git\cmd;C:\Users\nicholas.nicholson\Software\openjdk-14.0.1_windows-x64_bin\jdk-14.0.1\bin;C:\Users\nicholas.nicholson\Software\apache-maven-3.6.3-bin\apache-maven-3.6.3\bin;;C:\Users\nicholas.nicholson\AppData\Local\Programs\Microsoft VS Code\bin;C:\Users\nicholas.nicholson\Software\sts-4.6.1.RELEASE;;."/>
    <property name="java.vm.info" value="mixed mode, sharing"/>
    <property name="java.vendor" value="Oracle Corporation"/>
    <property name="java.vm.version" value="14.0.1+7"/>
    <property name="sun.io.unicode.encoding" value="UnicodeLittle"/>
    <property name="java.class.version" value="58.0"/>
  </properties>
  <testcase name="testLogin" classname="com.junit.test.LoginTest" time="0.036">
    <failure message="expected: java.lang.Boolean@4c15e7fd&lt;true&gt; but was: java.util.concurrent.atomic.AtomicBoolean@23986957&lt;true&gt;" type="org.opentest4j.AssertionFailedError"><![CDATA[org.opentest4j.AssertionFailedError: expected: java.lang.Boolean@4c15e7fd<true> but was: java.util.concurrent.atomic.AtomicBoolean@23986957<true>
	at com.junit.test.LoginTest.testLogin(LoginTest.java:23)
]]></failure>
  </testcase>
  <testcase name="testWrongLogin" classname="com.junit.test.LoginTest" time="0">
    <failure message="expected: java.lang.Boolean@4e91d63f&lt;false&gt; but was: java.util.concurrent.atomic.AtomicBoolean@d4342c2&lt;false&gt;" type="org.opentest4j.AssertionFailedError"><![CDATA[org.opentest4j.AssertionFailedError: expected: java.lang.Boolean@4e91d63f<false> but was: java.util.concurrent.atomic.AtomicBoolean@d4342c2<false>
	at com.junit.test.LoginTest.testWrongLogin(LoginTest.java:29)
]]></failure>
  </testcase>
</testsuite>